<?xml version="1.0" encoding="UTF-8"?>
<testng-results ignored="0" total="1" passed="1" failed="0" skipped="0">
  <reporter-output>
  </reporter-output>
  <suite started-at="2021-02-15T12:33:29 MSK" name="Surefire suite" finished-at="2021-02-15T12:33:42 MSK" duration-ms="12914">
    <groups>
    </groups>
    <test started-at="2021-02-15T12:33:29 MSK" name="Surefire test" finished-at="2021-02-15T12:33:42 MSK" duration-ms="12914">
      <class name="main.controller.DefaultControllerTest">
        <test-method signature="shouldReturnSomething() throws java.lang.Exception" started-at="2021-02-15T12:33:30 MSK" name="shouldReturnSomething" finished-at="2021-02-15T12:33:42 MSK" duration-ms="11181" status="PASS">
          <reporter-output>
          </reporter-output>
        </test-method> <!-- shouldReturnSomething -->
      </class> <!-- main.controller.DefaultControllerTest -->
    </test> <!-- Surefire test -->
  </suite> <!-- Surefire suite -->
</testng-results>
